\BOOKMARK [0][-]{chapter.1}{\376\377\000I\000n\000t\000r\000o\000d\000u\000c\000t\000i\000o\000n}{}% 1
\BOOKMARK [0][-]{chapter.2}{\376\377\000P\000r\000o\000b\000l\000e\000m\000\040\000a\000n\000a\000l\000y\000s\000i\000s}{}% 2
\BOOKMARK [1][-]{section.2.1}{\376\377\000W\000h\000a\000t\000\040\000i\000s\000\040\000A\000I\000\040\000a\000n\000d\000\040\000w\000h\000a\000t\000\040\000c\000a\000n\000\040\000i\000t\000\040\000b\000e\000\040\000u\000s\000e\000d\000\040\000f\000o\000r}{chapter.2}% 3
\BOOKMARK [1][-]{section.2.2}{\376\377\000A\000I\000\040\000i\000n\000\040\000s\000t\000o\000c\000k\000\040\000p\000r\000e\000d\000i\000c\000t\000i\000o\000n}{chapter.2}% 4
\BOOKMARK [1][-]{section.2.3}{\376\377\000P\000r\000e\000d\000i\000c\000t\000i\000o\000n\000\040\000o\000f\000\040\000t\000h\000e\000\040\000s\000t\000o\000c\000k\000\040\000m\000a\000r\000k\000e\000t}{chapter.2}% 5
\BOOKMARK [0][-]{chapter.3}{\376\377\000R\000e\000q\000u\000i\000r\000e\000m\000e\000n\000t\000s\000\040\000a\000n\000d\000\040\000t\000o\000o\000l\000s}{}% 6
\BOOKMARK [1][-]{section.3.1}{\376\377\000F\000u\000n\000c\000t\000i\000o\000n\000a\000l\000\040\000r\000e\000q\000u\000i\000r\000e\000m\000e\000n\000t\000s}{chapter.3}% 7
\BOOKMARK [1][-]{section.3.2}{\376\377\000N\000o\000n\000-\000f\000u\000n\000c\000t\000i\000o\000n\000a\000l\000\040\000r\000e\000q\000u\000i\000r\000e\000m\000e\000n\000t\000s}{chapter.3}% 8
\BOOKMARK [1][-]{section.3.3}{\376\377\000C\000h\000o\000s\000e\000n\000\040\000t\000e\000c\000h\000n\000o\000l\000o\000g\000y}{chapter.3}% 9
\BOOKMARK [0][-]{chapter.4}{\376\377\000E\000x\000t\000e\000r\000n\000a\000l\000\040\000s\000p\000e\000c\000i\000f\000i\000c\000a\000t\000i\000o\000n}{}% 10
\BOOKMARK [0][-]{chapter.5}{\376\377\000I\000n\000t\000e\000r\000n\000a\000l\000\040\000s\000p\000e\000c\000i\000f\000i\000c\000a\000t\000i\000o\000n}{}% 11
\BOOKMARK [1][-]{section.5.1}{\376\377\000D\000o\000c\000u\000m\000e\000n\000t\000a\000t\000i\000o\000n}{chapter.5}% 12
\BOOKMARK [1][-]{section.5.2}{\376\377\000U\000M\000L\000\040\000d\000i\000a\000g\000r\000a\000m}{chapter.5}% 13
\BOOKMARK [0][-]{chapter.6}{\376\377\000V\000e\000r\000i\000f\000i\000c\000a\000t\000i\000o\000n\000\040\000a\000n\000d\000\040\000v\000a\000l\000i\000d\000a\000t\000i\000o\000n}{}% 14
\BOOKMARK [1][-]{section.6.1}{\376\377\000D\000i\000f\000f\000e\000r\000e\000n\000t\000\040\000m\000o\000d\000e\000l\000s}{chapter.6}% 15
\BOOKMARK [2][-]{subsection.6.1.1}{\376\377\000M\000o\000d\000e\000l\000\040\0001}{section.6.1}% 16
\BOOKMARK [2][-]{subsection.6.1.2}{\376\377\000M\000o\000d\000e\000l\000\040\0002}{section.6.1}% 17
\BOOKMARK [2][-]{subsection.6.1.3}{\376\377\000M\000o\000d\000e\000l\000\040\0003}{section.6.1}% 18
\BOOKMARK [2][-]{subsection.6.1.4}{\376\377\000M\000o\000d\000e\000l\000\040\0004}{section.6.1}% 19
\BOOKMARK [2][-]{subsection.6.1.5}{\376\377\000M\000o\000d\000e\000l\000\040\0005}{section.6.1}% 20
\BOOKMARK [2][-]{subsection.6.1.6}{\376\377\000M\000o\000d\000e\000l\000\040\0006}{section.6.1}% 21
\BOOKMARK [2][-]{subsection.6.1.7}{\376\377\000M\000o\000d\000e\000l\000\040\0007}{section.6.1}% 22
\BOOKMARK [2][-]{subsection.6.1.8}{\376\377\000M\000o\000d\000e\000l\000\040\0008}{section.6.1}% 23
\BOOKMARK [2][-]{subsection.6.1.9}{\376\377\000M\000o\000d\000e\000l\000\040\0009}{section.6.1}% 24
\BOOKMARK [0][-]{chapter.7}{\376\377\000C\000o\000n\000c\000l\000u\000s\000i\000o\000n\000s}{}% 25
\BOOKMARK [0][-]{chapter.7}{\376\377\000B\000i\000b\000l\000i\000o\000g\000r\000a\000p\000h\000y}{}% 26
\BOOKMARK [0][-]{appendix*.30}{\376\377\000I\000n\000d\000e\000x\000\040\000o\000f\000\040\000a\000b\000b\000r\000e\000v\000i\000a\000t\000i\000o\000n\000s\000\040\000a\000n\000d\000\040\000s\000y\000m\000b\000o\000l\000s}{}% 27
\BOOKMARK [0][-]{appendix*.31}{\376\377\000L\000i\000s\000t\000i\000n\000g\000s}{}% 28
\BOOKMARK [0][-]{appendix*.32}{\376\377\000L\000i\000s\000t\000\040\000o\000f\000\040\000a\000d\000d\000i\000t\000i\000o\000n\000a\000l\000\040\000f\000i\000l\000e\000s\000\040\000i\000n\000\040\000e\000l\000e\000c\000t\000r\000o\000n\000i\000c\000\040\000s\000u\000b\000m\000i\000s\000s\000i\000o\000n\000\040\000\050\000i\000f\000\040\000a\000p\000p\000l\000i\000c\000a\000b\000l\000e\000\051}{}% 29
\BOOKMARK [0][-]{appendix*.33}{\376\377\000L\000i\000s\000t\000\040\000o\000f\000\040\000f\000i\000g\000u\000r\000e\000s}{}% 30
\BOOKMARK [0][-]{appendix*.34}{\376\377\000L\000i\000s\000t\000\040\000o\000f\000\040\000t\000a\000b\000l\000e\000s}{}% 31
